time step 76 of 600 completed in 72.4833 seconds
time step 77 of 600 completed in 72.5191 seconds
time step 78 of 600 completed in 72.5559 seconds
time step 79 of 600 completed in 72.5274 seconds
time step 80 of 600 completed in 72.7234 seconds
time step 81 of 600 completed in 72.5161 seconds
time step 82 of 600 completed in 72.6528 seconds
time step 83 of 600 completed in 72.5254 seconds
time step 84 of 600 completed in 72.4874 seconds
time step 85 of 600 completed in 72.529 seconds
time step 86 of 600 completed in 72.6045 seconds
time step 87 of 600 completed in 72.5599 seconds
time step 88 of 600 completed in 72.5628 seconds
time step 89 of 600 completed in 72.5578 seconds
time step 90 of 600 completed in 72.5842 seconds
time step 91 of 600 completed in 72.5789 seconds
time step 92 of 600 completed in 72.7219 seconds
time step 93 of 600 completed in 72.522 seconds
time step 94 of 600 completed in 72.5396 seconds
time step 95 of 600 completed in 72.5557 seconds
time step 96 of 600 completed in 72.5707 seconds
time step 97 of 600 completed in 72.5515 seconds
time step 98 of 600 completed in 72.5798 seconds
time step 99 of 600 completed in 72.5426 seconds
time step 100 of 600 completed in 72.5611 seconds
time step 101 of 600 completed in 72.6235 seconds
time step 102 of 600 completed in 72.5509 seconds
time step 103 of 600 completed in 72.6214 seconds
time step 104 of 600 completed in 72.5402 seconds
time step 105 of 600 completed in 72.7244 seconds
time step 106 of 600 completed in 72.5733 seconds
time step 107 of 600 completed in 72.5982 seconds
time step 108 of 600 completed in 72.5466 seconds
time step 109 of 600 completed in 72.5443 seconds
time step 110 of 600 completed in 72.5488 seconds
time step 111 of 600 completed in 72.5961 seconds
time step 112 of 600 completed in 72.5511 seconds
time step 113 of 600 completed in 72.5444 seconds
time step 114 of 600 completed in 72.5444 seconds
time step 115 of 600 completed in 72.6281 seconds
time step 116 of 600 completed in 72.6304 seconds
time step 117 of 600 completed in 72.8335 seconds
time step 118 of 600 completed in 72.6565 seconds
time step 119 of 600 completed in 72.5906 seconds
time step 120 of 600 completed in 72.5399 seconds
time step 121 of 600 completed in 72.4991 seconds
time step 122 of 600 completed in 72.5052 seconds
time step 123 of 600 completed in 72.5213 seconds
time step 124 of 600 completed in 72.5313 seconds
time step 125 of 600 completed in 72.4897 seconds
time step 126 of 600 completed in 72.5108 seconds
time step 127 of 600 completed in 72.5629 seconds
time step 128 of 600 completed in 72.6098 seconds
time step 129 of 600 completed in 72.7175 seconds
time step 130 of 600 completed in 72.6617 seconds
time step 131 of 600 completed in 72.6084 seconds
time step 132 of 600 completed in 72.6006 seconds
time step 133 of 600 completed in 72.5677 seconds
time step 134 of 600 completed in 72.5637 seconds
time step 135 of 600 completed in 72.6067 seconds
time step 136 of 600 completed in 72.5881 seconds
time step 137 of 600 completed in 72.5755 seconds
time step 138 of 600 completed in 72.6667 seconds
time step 139 of 600 completed in 72.6989 seconds
time step 140 of 600 completed in 72.723 seconds
time step 141 of 600 completed in 72.6715 seconds
time step 142 of 600 completed in 72.9186 seconds
time step 143 of 600 completed in 72.6418 seconds
time step 144 of 600 completed in 72.6839 seconds
time step 145 of 600 completed in 72.53 seconds
time step 146 of 600 completed in 72.5085 seconds
time step 147 of 600 completed in 72.5021 seconds
time step 148 of 600 completed in 72.5547 seconds
time step 149 of 600 completed in 72.5208 seconds
time step 150 of 600 completed in 72.527 seconds
25% done :         n = 150 of 600
time step 151 of 600 completed in 72.5023 seconds
time step 152 of 600 completed in 72.5974 seconds
time step 153 of 600 completed in 72.6655 seconds
time step 154 of 600 completed in 72.7822 seconds
time step 155 of 600 completed in 72.5844 seconds
time step 156 of 600 completed in 72.6044 seconds
time step 157 of 600 completed in 72.5554 seconds
time step 158 of 600 completed in 72.5234 seconds
time step 159 of 600 completed in 72.5337 seconds
time step 160 of 600 completed in 72.5626 seconds
time step 161 of 600 completed in 72.5468 seconds
time step 162 of 600 completed in 72.5136 seconds
time step 163 of 600 completed in 72.5038 seconds
time step 164 of 600 completed in 72.5308 seconds
time step 165 of 600 completed in 72.6888 seconds
time step 166 of 600 completed in 72.7183 seconds
time step 167 of 600 completed in 72.8623 seconds
time step 168 of 600 completed in 72.6871 seconds
time step 169 of 600 completed in 72.6162 seconds
time step 170 of 600 completed in 72.5895 seconds
time step 171 of 600 completed in 72.5848 seconds
time step 172 of 600 completed in 72.6114 seconds
time step 173 of 600 completed in 72.5853 seconds
time step 174 of 600 completed in 72.5711 seconds
time step 175 of 600 completed in 72.669 seconds
time step 176 of 600 completed in 72.6616 seconds
time step 177 of 600 completed in 72.7377 seconds
time step 178 of 600 completed in 72.5817 seconds
time step 179 of 600 completed in 72.7365 seconds
time step 180 of 600 completed in 72.5055 seconds
time step 181 of 600 completed in 72.5657 seconds
time step 182 of 600 completed in 72.5369 seconds
time step 183 of 600 completed in 72.5209 seconds
time step 184 of 600 completed in 72.5321 seconds
time step 185 of 600 completed in 72.539 seconds
time step 186 of 600 completed in 72.5477 seconds
time step 187 of 600 completed in 72.5297 seconds
time step 188 of 600 completed in 72.5084 seconds
time step 189 of 600 completed in 72.5668 seconds
time step 190 of 600 completed in 72.5763 seconds
time step 191 of 600 completed in 72.7418 seconds
time step 192 of 600 completed in 72.7466 seconds
time step 193 of 600 completed in 72.7079 seconds
time step 194 of 600 completed in 72.7032 seconds
time step 195 of 600 completed in 72.6676 seconds
time step 196 of 600 completed in 72.6592 seconds
time step 197 of 600 completed in 72.6887 seconds
time step 198 of 600 completed in 72.6968 seconds
time step 199 of 600 completed in 72.6765 seconds
time step 200 of 600 completed in 72.659 seconds
time step 201 of 600 completed in 72.6983 seconds
time step 202 of 600 completed in 72.7492 seconds
time step 203 of 600 completed in 72.521 seconds
time step 204 of 600 completed in 72.736 seconds
time step 205 of 600 completed in 72.5531 seconds
time step 206 of 600 completed in 72.5987 seconds
time step 207 of 600 completed in 72.5783 seconds
time step 208 of 600 completed in 72.6408 seconds
time step 209 of 600 completed in 72.6257 seconds
time step 210 of 600 completed in 72.7176 seconds
time step 211 of 600 completed in 72.5132 seconds
time step 212 of 600 completed in 72.5242 seconds
time step 213 of 600 completed in 72.5009 seconds
time step 214 of 600 completed in 72.6358 seconds
time step 215 of 600 completed in 72.5745 seconds
time step 216 of 600 completed in 72.7176 seconds
time step 217 of 600 completed in 72.5687 seconds
time step 218 of 600 completed in 72.6424 seconds
time step 219 of 600 completed in 72.7052 seconds
time step 220 of 600 completed in 72.6677 seconds
time step 221 of 600 completed in 72.6729 seconds
time step 222 of 600 completed in 72.7224 seconds
time step 223 of 600 completed in 72.6926 seconds
time step 224 of 600 completed in 72.6685 seconds
time step 225 of 600 completed in 72.661 seconds
time step 226 of 600 completed in 72.7235 seconds
time step 227 of 600 completed in 72.65 seconds
time step 228 of 600 completed in 72.6944 seconds
time step 229 of 600 completed in 72.7784 seconds
time step 230 of 600 completed in 72.6091 seconds
time step 231 of 600 completed in 72.6031 seconds
time step 232 of 600 completed in 72.5792 seconds
time step 233 of 600 completed in 72.5819 seconds
time step 234 of 600 completed in 72.6315 seconds
time step 235 of 600 completed in 72.5982 seconds
time step 236 of 600 completed in 72.5954 seconds
time step 237 of 600 completed in 72.5876 seconds
time step 238 of 600 completed in 72.6186 seconds
time step 239 of 600 completed in 72.6077 seconds
time step 240 of 600 completed in 72.5855 seconds
time step 241 of 600 completed in 72.7692 seconds
time step 242 of 600 completed in 72.543 seconds
time step 243 of 600 completed in 72.5997 seconds
time step 244 of 600 completed in 72.5327 seconds
time step 245 of 600 completed in 72.58 seconds
time step 246 of 600 completed in 72.5328 seconds
time step 247 of 600 completed in 72.6601 seconds
time step 248 of 600 completed in 72.682 seconds
time step 249 of 600 completed in 72.665 seconds
time step 250 of 600 completed in 72.6602 seconds
time step 251 of 600 completed in 72.7364 seconds
time step 252 of 600 completed in 72.6654 seconds
time step 253 of 600 completed in 72.7266 seconds
time step 254 of 600 completed in 72.5198 seconds
time step 255 of 600 completed in 72.5732 seconds
time step 256 of 600 completed in 72.628 seconds
time step 257 of 600 completed in 72.666 seconds
time step 258 of 600 completed in 72.6973 seconds
time step 259 of 600 completed in 72.7196 seconds
time step 260 of 600 completed in 72.6656 seconds
time step 261 of 600 completed in 72.6126 seconds
time step 262 of 600 completed in 72.6008 seconds
time step 263 of 600 completed in 72.6489 seconds
time step 264 of 600 completed in 72.6487 seconds
time step 265 of 600 completed in 72.5883 seconds
time step 266 of 600 completed in 72.7218 seconds
time step 267 of 600 completed in 72.5508 seconds
time step 268 of 600 completed in 72.5719 seconds
time step 269 of 600 completed in 72.5367 seconds
time step 270 of 600 completed in 72.5229 seconds
time step 271 of 600 completed in 72.5563 seconds
time step 272 of 600 completed in 72.5568 seconds
time step 273 of 600 completed in 72.5395 seconds
time step 274 of 600 completed in 72.54 seconds
time step 275 of 600 completed in 72.5469 seconds
time step 276 of 600 completed in 72.6953 seconds
time step 277 of 600 completed in 72.7109 seconds
time step 278 of 600 completed in 72.9705 seconds
time step 279 of 600 completed in 72.6861 seconds
time step 280 of 600 completed in 72.7757 seconds
time step 281 of 600 completed in 72.5754 seconds
time step 282 of 600 completed in 72.6388 seconds
time step 283 of 600 completed in 72.7042 seconds
time step 284 of 600 completed in 72.7182 seconds
time step 285 of 600 completed in 72.7061 seconds
time step 286 of 600 completed in 72.6804 seconds
time step 287 of 600 completed in 72.6683 seconds
time step 288 of 600 completed in 72.7028 seconds
time step 289 of 600 completed in 72.6116 seconds
time step 290 of 600 completed in 72.6618 seconds
time step 291 of 600 completed in 72.6368 seconds
time step 292 of 600 completed in 72.5862 seconds
time step 293 of 600 completed in 72.6813 seconds
time step 294 of 600 completed in 72.5415 seconds
time step 295 of 600 completed in 72.5234 seconds
time step 296 of 600 completed in 72.6113 seconds
time step 297 of 600 completed in 72.6941 seconds
time step 298 of 600 completed in 72.677 seconds
time step 299 of 600 completed in 72.5917 seconds
time step 300 of 600 completed in 72.6884 seconds
50% done :         n = 300 of 600
time step 301 of 600 completed in 72.7688 seconds
time step 302 of 600 completed in 72.512 seconds
time step 303 of 600 completed in 72.7184 seconds
time step 304 of 600 completed in 74.3273 seconds
time step 305 of 600 completed in 75.688 seconds
time step 306 of 600 completed in 75.5252 seconds
time step 307 of 600 completed in 75.5735 seconds
time step 308 of 600 completed in 75.6015 seconds
time step 309 of 600 completed in 75.6754 seconds
time step 310 of 600 completed in 75.6736 seconds
time step 311 of 600 completed in 75.7079 seconds
time step 312 of 600 completed in 75.8118 seconds
time step 313 of 600 completed in 75.8263 seconds
time step 314 of 600 completed in 76.2043 seconds
time step 315 of 600 completed in 76.3114 seconds
time step 316 of 600 completed in 76.0263 seconds
time step 317 of 600 completed in 75.7915 seconds
time step 318 of 600 completed in 75.9456 seconds
time step 319 of 600 completed in 75.7145 seconds
time step 320 of 600 completed in 75.1786 seconds
time step 321 of 600 completed in 74.8003 seconds
time step 322 of 600 completed in 74.7863 seconds
time step 323 of 600 completed in 74.854 seconds
time step 324 of 600 completed in 75.1084 seconds
time step 325 of 600 completed in 75.1447 seconds
time step 326 of 600 completed in 75.139 seconds
time step 327 of 600 completed in 75.2458 seconds
time step 328 of 600 completed in 75.0859 seconds
time step 329 of 600 completed in 75.0818 seconds
time step 330 of 600 completed in 74.8458 seconds
time step 331 of 600 completed in 74.8133 seconds
time step 332 of 600 completed in 74.9095 seconds
time step 333 of 600 completed in 74.8884 seconds
time step 334 of 600 completed in 74.8678 seconds
time step 335 of 600 completed in 74.87 seconds
time step 336 of 600 completed in 74.8844 seconds
time step 337 of 600 completed in 74.9426 seconds
time step 338 of 600 completed in 74.8414 seconds
time step 339 of 600 completed in 74.84 seconds
time step 340 of 600 completed in 74.7804 seconds
time step 341 of 600 completed in 74.755 seconds
time step 342 of 600 completed in 74.7205 seconds
time step 343 of 600 completed in 74.7333 seconds
time step 344 of 600 completed in 74.7126 seconds
time step 345 of 600 completed in 74.8779 seconds
time step 346 of 600 completed in 74.8568 seconds
time step 347 of 600 completed in 74.8486 seconds
time step 348 of 600 completed in 74.8281 seconds
time step 349 of 600 completed in 74.7218 seconds
time step 350 of 600 completed in 74.6166 seconds
time step 351 of 600 completed in 74.6216 seconds
time step 352 of 600 completed in 74.6428 seconds
time step 353 of 600 completed in 74.6892 seconds
time step 354 of 600 completed in 74.6237 seconds
time step 355 of 600 completed in 74.6415 seconds
time step 356 of 600 completed in 74.6505 seconds
time step 357 of 600 completed in 74.7458 seconds
time step 358 of 600 completed in 74.8009 seconds
time step 359 of 600 completed in 74.7896 seconds
time step 360 of 600 completed in 74.8291 seconds
time step 361 of 600 completed in 74.8662 seconds
time step 362 of 600 completed in 74.8279 seconds
time step 363 of 600 completed in 74.9593 seconds
time step 364 of 600 completed in 74.7903 seconds
time step 365 of 600 completed in 74.6302 seconds
time step 366 of 600 completed in 74.6272 seconds
time step 367 of 600 completed in 74.6219 seconds
time step 368 of 600 completed in 74.6475 seconds
time step 369 of 600 completed in 74.7156 seconds
time step 370 of 600 completed in 74.7086 seconds
time step 371 of 600 completed in 74.706 seconds
time step 372 of 600 completed in 74.7522 seconds
time step 373 of 600 completed in 74.8705 seconds
time step 374 of 600 completed in 74.8089 seconds
time step 375 of 600 completed in 75.0192 seconds
time step 376 of 600 completed in 74.8454 seconds
time step 377 of 600 completed in 74.8413 seconds
time step 378 of 600 completed in 74.8141 seconds
time step 379 of 600 completed in 74.7366 seconds
time step 380 of 600 completed in 74.7186 seconds
time step 381 of 600 completed in 74.6909 seconds
time step 382 of 600 completed in 74.6472 seconds
time step 383 of 600 completed in 74.647 seconds
time step 384 of 600 completed in 74.6679 seconds
time step 385 of 600 completed in 74.7081 seconds
time step 386 of 600 completed in 74.8397 seconds
time step 387 of 600 completed in 74.9582 seconds
time step 388 of 600 completed in 74.8392 seconds
time step 389 of 600 completed in 74.8387 seconds
time step 390 of 600 completed in 74.8138 seconds
time step 391 of 600 completed in 74.7928 seconds
time step 392 of 600 completed in 74.6956 seconds
time step 393 of 600 completed in 74.6721 seconds
time step 394 of 600 completed in 74.7002 seconds
time step 395 of 600 completed in 74.7421 seconds
time step 396 of 600 completed in 74.7027 seconds
time step 397 of 600 completed in 74.7236 seconds
time step 398 of 600 completed in 74.6435 seconds
time step 399 of 600 completed in 74.6469 seconds
time step 400 of 600 completed in 74.6415 seconds
time step 401 of 600 completed in 74.8382 seconds
time step 402 of 600 completed in 74.9168 seconds
time step 403 of 600 completed in 74.8353 seconds
time step 404 of 600 completed in 74.861 seconds
time step 405 of 600 completed in 74.6803 seconds
time step 406 of 600 completed in 74.6357 seconds
time step 407 of 600 completed in 74.6002 seconds
time step 408 of 600 completed in 74.6912 seconds
time step 409 of 600 completed in 74.8582 seconds
time step 410 of 600 completed in 74.9795 seconds
time step 411 of 600 completed in 74.8483 seconds
time step 412 of 600 completed in 74.8246 seconds
time step 413 of 600 completed in 74.9054 seconds
time step 414 of 600 completed in 74.8901 seconds
time step 415 of 600 completed in 74.8486 seconds
time step 416 of 600 completed in 74.8597 seconds
time step 417 of 600 completed in 74.7287 seconds
time step 418 of 600 completed in 74.7179 seconds
time step 419 of 600 completed in 74.7139 seconds
time step 420 of 600 completed in 74.7303 seconds
time step 421 of 600 completed in 74.7754 seconds
time step 422 of 600 completed in 74.7395 seconds
time step 423 of 600 completed in 74.697 seconds
time step 424 of 600 completed in 74.7301 seconds
time step 425 of 600 completed in 74.6895 seconds
time step 426 of 600 completed in 74.6517 seconds
time step 427 of 600 completed in 74.6624 seconds
time step 428 of 600 completed in 74.6785 seconds
time step 429 of 600 completed in 74.7181 seconds
time step 430 of 600 completed in 74.6773 seconds
time step 431 of 600 completed in 74.6693 seconds
time step 432 of 600 completed in 74.7149 seconds
time step 433 of 600 completed in 74.6873 seconds
time step 434 of 600 completed in 73.1317 seconds
time step 435 of 600 completed in 72.4909 seconds
time step 436 of 600 completed in 72.5075 seconds
time step 437 of 600 completed in 72.5458 seconds
time step 438 of 600 completed in 72.4339 seconds
time step 439 of 600 completed in 72.3473 seconds
time step 440 of 600 completed in 72.3901 seconds
time step 441 of 600 completed in 72.4367 seconds
time step 442 of 600 completed in 72.3331 seconds
time step 443 of 600 completed in 72.3356 seconds
time step 444 of 600 completed in 72.3175 seconds
time step 445 of 600 completed in 72.4214 seconds
time step 446 of 600 completed in 72.4532 seconds
time step 447 of 600 completed in 72.482 seconds
time step 448 of 600 completed in 72.3416 seconds
time step 449 of 600 completed in 72.4084 seconds
time step 450 of 600 completed in 72.5258 seconds
75% done :         n = 450 of 600
time step 451 of 600 completed in 72.5022 seconds
time step 452 of 600 completed in 72.5133 seconds
time step 453 of 600 completed in 72.5734 seconds
time step 454 of 600 completed in 72.5653 seconds
time step 455 of 600 completed in 74.2629 seconds
time step 456 of 600 completed in 78.2643 seconds
time step 457 of 600 completed in 78.2463 seconds
time step 458 of 600 completed in 76.7765 seconds
time step 459 of 600 completed in 75.4347 seconds
time step 460 of 600 completed in 75.1094 seconds
time step 461 of 600 completed in 75.1922 seconds
time step 462 of 600 completed in 75.0394 seconds
time step 463 of 600 completed in 74.807 seconds
time step 464 of 600 completed in 74.7566 seconds
time step 465 of 600 completed in 74.7301 seconds
time step 466 of 600 completed in 74.5938 seconds
time step 467 of 600 completed in 74.5495 seconds
time step 468 of 600 completed in 74.5252 seconds
time step 469 of 600 completed in 74.5897 seconds
time step 470 of 600 completed in 74.6019 seconds
time step 471 of 600 completed in 74.6041 seconds
time step 472 of 600 completed in 74.6055 seconds
time step 473 of 600 completed in 74.67 seconds
time step 474 of 600 completed in 74.6112 seconds
time step 475 of 600 completed in 74.5884 seconds
time step 476 of 600 completed in 74.6124 seconds
time step 477 of 600 completed in 74.8482 seconds
time step 478 of 600 completed in 74.6771 seconds
time step 479 of 600 completed in 74.6725 seconds
time step 480 of 600 completed in 74.6774 seconds
time step 481 of 600 completed in 74.7591 seconds
time step 482 of 600 completed in 74.7792 seconds
time step 483 of 600 completed in 74.7522 seconds
time step 484 of 600 completed in 74.7213 seconds
time step 485 of 600 completed in 74.7461 seconds
time step 486 of 600 completed in 74.7037 seconds
time step 487 of 600 completed in 74.7155 seconds
time step 488 of 600 completed in 74.7132 seconds
time step 489 of 600 completed in 74.7843 seconds
time step 490 of 600 completed in 74.8055 seconds
time step 491 of 600 completed in 74.82 seconds
time step 492 of 600 completed in 74.8107 seconds
time step 493 of 600 completed in 74.9318 seconds
time step 494 of 600 completed in 75.1766 seconds
time step 495 of 600 completed in 75.3043 seconds
time step 496 of 600 completed in 75.2443 seconds
time step 497 of 600 completed in 75.3742 seconds
time step 498 of 600 completed in 75.4233 seconds
time step 499 of 600 completed in 74.495 seconds
time step 500 of 600 completed in 72.6152 seconds
time step 501 of 600 completed in 72.4978 seconds
time step 502 of 600 completed in 72.7222 seconds
time step 503 of 600 completed in 72.6377 seconds
time step 504 of 600 completed in 72.6532 seconds
time step 505 of 600 completed in 72.7026 seconds
time step 506 of 600 completed in 72.7506 seconds
time step 507 of 600 completed in 72.9009 seconds
time step 508 of 600 completed in 72.6203 seconds
time step 509 of 600 completed in 72.6704 seconds
time step 510 of 600 completed in 72.5219 seconds
time step 511 of 600 completed in 72.5263 seconds
time step 512 of 600 completed in 72.4903 seconds
time step 513 of 600 completed in 72.5269 seconds
time step 514 of 600 completed in 72.5694 seconds
time step 515 of 600 completed in 72.5223 seconds
time step 516 of 600 completed in 72.5532 seconds
time step 517 of 600 completed in 72.4856 seconds
time step 518 of 600 completed in 72.6609 seconds
time step 519 of 600 completed in 72.6944 seconds
time step 520 of 600 completed in 72.6217 seconds
time step 521 of 600 completed in 72.6677 seconds
time step 522 of 600 completed in 72.6875 seconds
time step 523 of 600 completed in 72.6344 seconds
time step 524 of 600 completed in 72.5848 seconds
time step 525 of 600 completed in 72.627 seconds
time step 526 of 600 completed in 72.6211 seconds
time step 527 of 600 completed in 72.6264 seconds
time step 528 of 600 completed in 72.5445 seconds
time step 529 of 600 completed in 72.493 seconds
time step 530 of 600 completed in 72.5695 seconds
time step 531 of 600 completed in 72.4448 seconds
time step 532 of 600 completed in 72.6262 seconds
time step 533 of 600 completed in 72.4171 seconds
time step 534 of 600 completed in 72.4532 seconds
time step 535 of 600 completed in 72.4426 seconds
time step 536 of 600 completed in 72.4333 seconds
time step 537 of 600 completed in 72.5702 seconds
time step 538 of 600 completed in 72.6005 seconds
time step 539 of 600 completed in 72.5913 seconds
time step 540 of 600 completed in 72.4304 seconds
90% done :         n = 540 of 600
time step 541 of 600 completed in 72.4179 seconds
time step 542 of 600 completed in 72.4445 seconds
time step 543 of 600 completed in 72.6451 seconds
time step 544 of 600 completed in 73.5531 seconds
time step 545 of 600 completed in 73.6246 seconds
time step 546 of 600 completed in 72.5332 seconds
time step 547 of 600 completed in 72.568 seconds
time step 548 of 600 completed in 72.4572 seconds
time step 549 of 600 completed in 72.4415 seconds
time step 550 of 600 completed in 72.4298 seconds
time step 551 of 600 completed in 72.4519 seconds
time step 552 of 600 completed in 72.4553 seconds
time step 553 of 600 completed in 72.442 seconds
time step 554 of 600 completed in 76.3343 seconds
time step 555 of 600 completed in 77.8328 seconds
time step 556 of 600 completed in 76.6319 seconds
time step 557 of 600 completed in 76.3366 seconds
time step 558 of 600 completed in 76.0768 seconds
time step 559 of 600 completed in 75.1965 seconds
time step 560 of 600 completed in 74.9705 seconds
time step 561 of 600 completed in 75.1864 seconds
time step 562 of 600 completed in 74.9438 seconds
time step 563 of 600 completed in 74.691 seconds
time step 564 of 600 completed in 74.6392 seconds
time step 565 of 600 completed in 74.6008 seconds
time step 566 of 600 completed in 74.6969 seconds
time step 567 of 600 completed in 74.8798 seconds
time step 568 of 600 completed in 74.7397 seconds
time step 569 of 600 completed in 74.6738 seconds
time step 570 of 600 completed in 74.5873 seconds
95% done :         n = 570 of 600
time step 571 of 600 completed in 74.6468 seconds
time step 572 of 600 completed in 74.6787 seconds
time step 573 of 600 completed in 74.6591 seconds
time step 574 of 600 completed in 74.6346 seconds
time step 575 of 600 completed in 74.6389 seconds
time step 576 of 600 completed in 74.6841 seconds
time step 577 of 600 completed in 74.8979 seconds
time step 578 of 600 completed in 74.9071 seconds
time step 579 of 600 completed in 74.8317 seconds
time step 580 of 600 completed in 74.7132 seconds
time step 581 of 600 completed in 74.7294 seconds
time step 582 of 600 completed in 74.7181 seconds
time step 583 of 600 completed in 74.7528 seconds
time step 584 of 600 completed in 74.7534 seconds
time step 585 of 600 completed in 74.7497 seconds
time step 586 of 600 completed in 74.7887 seconds
time step 587 of 600 completed in 74.9089 seconds
time step 588 of 600 completed in 74.7838 seconds
time step 589 of 600 completed in 74.8788 seconds
time step 590 of 600 completed in 74.8792 seconds
time step 591 of 600 completed in 74.8841 seconds
time step 592 of 600 completed in 74.7185 seconds
time step 593 of 600 completed in 74.7386 seconds
time step 594 of 600 completed in 74.7666 seconds
time step 595 of 600 completed in 74.9442 seconds
time step 596 of 600 completed in 74.8516 seconds
time step 597 of 600 completed in 74.856 seconds
time step 598 of 600 completed in 74.8734 seconds
time step 599 of 600 completed in 75.0029 seconds
time step 600 of 600 completed in 75.1722 seconds
100% done :         end of simulation
total time for simulation = 44114.8 seconds 


Cleanup started...


removing .pyc files from (/userspace/d/dsirajud/Work/DECSKS/1D1V/DECSKS):
-------------------------------------------------------

_mypath.pyc
__init__.pyc


removing .pyc files from (/userspace/d/dsirajud/Work/DECSKS/1D1V/DECSKS/lib):
-------------------------------------------------------

HOC.pyc
__init__.pyc
boundaryconditions.pyc
convect.pyc
diagnostics.pyc
domain.pyc
density.pyc
derivatives.pyc
fieldsolvers.pyc
plots.pyc
read.pyc
status.pyc
split.pyc


=======================================================

cleanup complete

simulation completed in 44114.8 seconds
