dsirajud@K55A-ubuntu:~/Work/DECSKS/1D1V/DECSKS$ ./main.py
remove ALL plot files after simulation is done (1 = yes, 0 = no)?: 0
initializing Landau profile
simulation has started, next status update at 10% completion 

time step 1 of 60 completed in 14.9503 seconds
time step 2 of 60 completed in 14.7675 seconds
time step 3 of 60 completed in 15.1424 seconds
time step 4 of 60 completed in 14.6548 seconds
time step 5 of 60 completed in 14.7484 seconds
time step 6 of 60 completed in 14.719 seconds
10% done :         n = 6 of 60
time step 7 of 60 completed in 14.7915 seconds
time step 8 of 60 completed in 14.7678 seconds
time step 9 of 60 completed in 14.917 seconds
time step 10 of 60 completed in 14.7623 seconds
time step 11 of 60 completed in 15.0514 seconds
time step 12 of 60 completed in 14.8418 seconds
time step 13 of 60 completed in 17.4633 seconds
time step 14 of 60 completed in 16.0446 seconds
time step 15 of 60 completed in 15.7836 seconds
25% done :         n = 15 of 60
time step 16 of 60 completed in 15.2755 seconds
time step 17 of 60 completed in 15.3324 seconds
time step 18 of 60 completed in 15.6978 seconds
time step 19 of 60 completed in 15.3134 seconds
time step 20 of 60 completed in 15.5738 seconds
time step 21 of 60 completed in 15.3309 seconds
time step 22 of 60 completed in 15.2226 seconds
time step 23 of 60 completed in 15.3369 seconds
time step 24 of 60 completed in 15.397 seconds
time step 25 of 60 completed in 15.2198 seconds
time step 26 of 60 completed in 15.9603 seconds
time step 27 of 60 completed in 15.0186 seconds
time step 28 of 60 completed in 14.9469 seconds
time step 29 of 60 completed in 14.8677 seconds
time step 30 of 60 completed in 14.9948 seconds
50% done :         n = 30 of 60
time step 31 of 60 completed in 15.8205 seconds
time step 32 of 60 completed in 18.4889 seconds
time step 33 of 60 completed in 17.3177 seconds
time step 34 of 60 completed in 16.8132 seconds
time step 35 of 60 completed in 16.2631 seconds
time step 36 of 60 completed in 15.1831 seconds
time step 37 of 60 completed in 15.2621 seconds
time step 38 of 60 completed in 15.8841 seconds
time step 39 of 60 completed in 15.0407 seconds
time step 40 of 60 completed in 15.7783 seconds
time step 41 of 60 completed in 15.5013 seconds
time step 42 of 60 completed in 15.3318 seconds
time step 43 of 60 completed in 15.4286 seconds
time step 44 of 60 completed in 14.9956 seconds
time step 45 of 60 completed in 14.8847 seconds
75% done :         n = 45 of 60
time step 46 of 60 completed in 14.7643 seconds
time step 47 of 60 completed in 15.2496 seconds
time step 48 of 60 completed in 15.5199 seconds
time step 49 of 60 completed in 15.2492 seconds
time step 50 of 60 completed in 18.0558 seconds
time step 51 of 60 completed in 16.3216 seconds
time step 52 of 60 completed in 15.0283 seconds
time step 53 of 60 completed in 14.8176 seconds
time step 54 of 60 completed in 15.8912 seconds
90% done :         n = 54 of 60
time step 55 of 60 completed in 15.0294 seconds
time step 56 of 60 completed in 14.994 seconds
time step 57 of 60 completed in 15.1925 seconds
95% done :         n = 57 of 60
time step 58 of 60 completed in 15.2652 seconds
time step 59 of 60 completed in 14.8912 seconds
time step 60 of 60 completed in 14.7731 seconds
100% done :         end of simulation
total time for simulation = 949.92 seconds 


Cleanup started...


removing .pyc files from (/home/dsirajud/Work/DECSKS/1D1V/DECSKS):
-------------------------------------------------------

_mypath.pyc
__init__.pyc


removing .pyc files from (/home/dsirajud/Work/DECSKS/1D1V/DECSKS/lib):
-------------------------------------------------------

density.pyc
status.pyc
HOC.pyc
read.pyc
split.pyc
__init__.pyc
derivatives.pyc
diagnostics.pyc
fieldsolvers.pyc
boundaryconditions.pyc
plots.pyc
convect.pyc
domain.pyc




removing temporary files from (/home/dsirajud/Work/DECSKS/1D1V/DECSKS/bin):
-------------------------------------------------------

Landau_calcs.py~


=======================================================

cleanup complete

simulation completed in 949.92 seconds